This is pdfTeX, Version 3.14159265-2.6-1.40.19 (MiKTeX 2.9.6930 64-bit) (preloaded format=pdflatex 2019.1.4)  7 JAN 2019 17:29
entering extended mode
**./main.tex
(main.tex
LaTeX2e <2018-12-01>
("C:\Users\Tob\AppData\Local\Programs\MiKTeX 2.9\tex/latex/base\article.cls"
Document Class: article 2018/09/03 v1.4i Standard LaTeX document class
("C:\Users\Tob\AppData\Local\Programs\MiKTeX 2.9\tex/latex/base\size10.clo"
File: size10.clo 2018/09/03 v1.4i Standard LaTeX file (size option)
)
\c@part=\count80
\c@section=\count81
\c@subsection=\count82
\c@subsubsection=\count83
\c@paragraph=\count84
\c@subparagraph=\count85
\c@figure=\count86
\c@table=\count87
\abovecaptionskip=\skip41
\belowcaptionskip=\skip42
\bibindent=\dimen102
)
("C:\Users\Tob\AppData\Local\Programs\MiKTeX 2.9\tex/latex/base\inputenc.sty"
Package: inputenc 2018/08/11 v1.3c Input encoding file
\inpenc@prehook=\toks14
\inpenc@posthook=\toks15
)
("C:\Users\Tob\AppData\Local\Programs\MiKTeX 2.9\tex/latex/geometry\geometry.st
y"
Package: geometry 2018/04/16 v5.8 Page Geometry

("C:\Users\Tob\AppData\Local\Programs\MiKTeX 2.9\tex/latex/graphics\keyval.sty"
Package: keyval 2014/10/28 v1.15 key=value parser (DPC)
\KV@toks@=\toks16
)
("C:\Users\Tob\AppData\Local\Programs\MiKTeX 2.9\tex/generic/oberdiek\ifpdf.sty
"
Package: ifpdf 2018/09/07 v3.3 Provides the ifpdf switch
)
("C:\Users\Tob\AppData\Local\Programs\MiKTeX 2.9\tex/generic/oberdiek\ifvtex.st
y"
Package: ifvtex 2016/05/16 v1.6 Detect VTeX and its facilities (HO)
Package ifvtex Info: VTeX not detected.
)
("C:\Users\Tob\AppData\Local\Programs\MiKTeX 2.9\tex/generic/ifxetex\ifxetex.st
y"
Package: ifxetex 2010/09/12 v0.6 Provides ifxetex conditional
)
\Gm@cnth=\count88
\Gm@cntv=\count89
\c@Gm@tempcnt=\count90
\Gm@bindingoffset=\dimen103
\Gm@wd@mp=\dimen104
\Gm@odd@mp=\dimen105
\Gm@even@mp=\dimen106
\Gm@layoutwidth=\dimen107
\Gm@layoutheight=\dimen108
\Gm@layouthoffset=\dimen109
\Gm@layoutvoffset=\dimen110
\Gm@dimlist=\toks17

("C:\Users\Tob\AppData\Local\Programs\MiKTeX 2.9\tex/latex/geometry\geometry.cf
g"))
("C:\Users\Tob\AppData\Local\Programs\MiKTeX 2.9\tex/latex/graphics\rotating.st
y"
Package: rotating 2016/08/11 v2.16d rotated objects in LaTeX

("C:\Users\Tob\AppData\Local\Programs\MiKTeX 2.9\tex/latex/graphics\graphicx.st
y"
Package: graphicx 2017/06/01 v1.1a Enhanced LaTeX Graphics (DPC,SPQR)

("C:\Users\Tob\AppData\Local\Programs\MiKTeX 2.9\tex/latex/graphics\graphics.st
y"
Package: graphics 2017/06/25 v1.2c Standard LaTeX Graphics (DPC,SPQR)
 ("C:\Users\Tob\AppData\Local\Programs\MiKTeX 2.9\tex/latex/graphics\trig.sty"
Package: trig 2016/01/03 v1.10 sin cos tan (DPC)
)
("C:\Users\Tob\AppData\Local\Programs\MiKTeX 2.9\tex/latex/graphics-cfg\graphic
s.cfg"
File: graphics.cfg 2016/06/04 v1.11 sample graphics configuration
)
Package graphics Info: Driver file: pdftex.def on input line 99.

("C:\Users\Tob\AppData\Local\Programs\MiKTeX 2.9\tex/latex/graphics-def\pdftex.
def"
File: pdftex.def 2018/01/08 v1.0l Graphics/color driver for pdftex
))
\Gin@req@height=\dimen111
\Gin@req@width=\dimen112
)
("C:\Users\Tob\AppData\Local\Programs\MiKTeX 2.9\tex/latex/base\ifthen.sty"
Package: ifthen 2014/09/29 v1.1c Standard LaTeX ifthen package (DPC)
)
\c@r@tfl@t=\count91
\rotFPtop=\skip43
\rotFPbot=\skip44
\rot@float@box=\box27
\rot@mess@toks=\toks18
)
("C:\Users\Tob\AppData\Local\Programs\MiKTeX 2.9\tex/latex/oberdiek\pdflscape.s
ty"
Package: pdflscape 2016/05/14 v0.11 Display of landscape pages in PDF (HO)

("C:\Users\Tob\AppData\Local\Programs\MiKTeX 2.9\tex/latex/graphics\lscape.sty"
Package: lscape 2000/10/22 v3.01 Landscape Pages (DPC)
)
Package pdflscape Info: Auto-detected driver: pdftex on input line 81.
)
("C:\Users\Tob\AppData\Local\Programs\MiKTeX 2.9\tex/latex/todonotes\todonotes.
sty"
Package: todonotes 2018/11/22 v1.1.1 Todonotes source and documentation.
Package: todonotes 2018/11/22

("C:\Users\Tob\AppData\Local\Programs\MiKTeX 2.9\tex/latex/xkeyval\xkeyval.sty"
Package: xkeyval 2014/12/03 v2.7a package option processing (HA)

("C:\Users\Tob\AppData\Local\Programs\MiKTeX 2.9\tex/generic/xkeyval\xkeyval.te
x"
("C:\Users\Tob\AppData\Local\Programs\MiKTeX 2.9\tex/generic/xkeyval\xkvutils.t
ex"
\XKV@toks=\toks19
\XKV@tempa@toks=\toks20
)
\XKV@depth=\count92
File: xkeyval.tex 2014/12/03 v2.7a key=value parser (HA)
))
("C:\Users\Tob\AppData\Local\Programs\MiKTeX 2.9\tex/latex/xcolor\xcolor.sty"
Package: xcolor 2016/05/11 v2.12 LaTeX color extensions (UK)

("C:\Users\Tob\AppData\Local\Programs\MiKTeX 2.9\tex/latex/graphics-cfg\color.c
fg"
File: color.cfg 2016/01/02 v1.6 sample color configuration
)
Package xcolor Info: Driver file: pdftex.def on input line 225.
Package xcolor Info: Model `cmy' substituted by `cmy0' on input line 1348.
Package xcolor Info: Model `hsb' substituted by `rgb' on input line 1352.
Package xcolor Info: Model `RGB' extended on input line 1364.
Package xcolor Info: Model `HTML' substituted by `rgb' on input line 1366.
Package xcolor Info: Model `Hsb' substituted by `hsb' on input line 1367.
Package xcolor Info: Model `tHsb' substituted by `hsb' on input line 1368.
Package xcolor Info: Model `HSB' substituted by `hsb' on input line 1369.
Package xcolor Info: Model `Gray' substituted by `gray' on input line 1370.
Package xcolor Info: Model `wave' substituted by `hsb' on input line 1371.
)
("C:\Users\Tob\AppData\Local\Programs\MiKTeX 2.9\tex/latex/pgf/frontendlayer\ti
kz.sty"
("C:\Users\Tob\AppData\Local\Programs\MiKTeX 2.9\tex/latex/pgf/basiclayer\pgf.s
ty"
("C:\Users\Tob\AppData\Local\Programs\MiKTeX 2.9\tex/latex/pgf/utilities\pgfrcs
.sty"
("C:\Users\Tob\AppData\Local\Programs\MiKTeX 2.9\tex/generic/pgf/utilities\pgfu
til-common.tex"
\pgfutil@everybye=\toks21
\pgfutil@tempdima=\dimen113
\pgfutil@tempdimb=\dimen114

("C:\Users\Tob\AppData\Local\Programs\MiKTeX 2.9\tex/generic/pgf/utilities\pgfu
til-common-lists.tex"))
("C:\Users\Tob\AppData\Local\Programs\MiKTeX 2.9\tex/generic/pgf/utilities\pgfu
til-latex.def"
\pgfutil@abb=\box28

("C:\Users\Tob\AppData\Local\Programs\MiKTeX 2.9\tex/latex/ms\everyshi.sty"
Package: everyshi 2001/05/15 v3.00 EveryShipout Package (MS)
))
("C:\Users\Tob\AppData\Local\Programs\MiKTeX 2.9\tex/generic/pgf/utilities\pgfr
cs.code.tex"
Package: pgfrcs 2015/08/07 v3.0.1a (rcs-revision 1.31)
))
Package: pgf 2015/08/07 v3.0.1a (rcs-revision 1.15)

("C:\Users\Tob\AppData\Local\Programs\MiKTeX 2.9\tex/latex/pgf/basiclayer\pgfco
re.sty"
("C:\Users\Tob\AppData\Local\Programs\MiKTeX 2.9\tex/latex/pgf/systemlayer\pgfs
ys.sty"
("C:\Users\Tob\AppData\Local\Programs\MiKTeX 2.9\tex/generic/pgf/systemlayer\pg
fsys.code.tex"
Package: pgfsys 2014/07/09 v3.0.1a (rcs-revision 1.48)

("C:\Users\Tob\AppData\Local\Programs\MiKTeX 2.9\tex/generic/pgf/utilities\pgfk
eys.code.tex"
\pgfkeys@pathtoks=\toks22
\pgfkeys@temptoks=\toks23

("C:\Users\Tob\AppData\Local\Programs\MiKTeX 2.9\tex/generic/pgf/utilities\pgfk
eysfiltered.code.tex"
\pgfkeys@tmptoks=\toks24
))
\pgf@x=\dimen115
\pgf@y=\dimen116
\pgf@xa=\dimen117
\pgf@ya=\dimen118
\pgf@xb=\dimen119
\pgf@yb=\dimen120
\pgf@xc=\dimen121
\pgf@yc=\dimen122
\w@pgf@writea=\write3
\r@pgf@reada=\read1
\c@pgf@counta=\count93
\c@pgf@countb=\count94
\c@pgf@countc=\count95
\c@pgf@countd=\count96
\t@pgf@toka=\toks25
\t@pgf@tokb=\toks26
\t@pgf@tokc=\toks27

("C:\Users\Tob\AppData\Local\Programs\MiKTeX 2.9\tex/generic/pgf/systemlayer\pg
f.cfg"
File: pgf.cfg 2008/05/14  (rcs-revision 1.7)
)
Driver file for pgf: pgfsys-pdftex.def

("C:\Users\Tob\AppData\Local\Programs\MiKTeX 2.9\tex/generic/pgf/systemlayer\pg
fsys-pdftex.def"
File: pgfsys-pdftex.def 2014/10/11  (rcs-revision 1.35)

("C:\Users\Tob\AppData\Local\Programs\MiKTeX 2.9\tex/generic/pgf/systemlayer\pg
fsys-common-pdf.def"
File: pgfsys-common-pdf.def 2013/10/10  (rcs-revision 1.13)
)))
("C:\Users\Tob\AppData\Local\Programs\MiKTeX 2.9\tex/generic/pgf/systemlayer\pg
fsyssoftpath.code.tex"
File: pgfsyssoftpath.code.tex 2013/09/09  (rcs-revision 1.9)
\pgfsyssoftpath@smallbuffer@items=\count97
\pgfsyssoftpath@bigbuffer@items=\count98
)
("C:\Users\Tob\AppData\Local\Programs\MiKTeX 2.9\tex/generic/pgf/systemlayer\pg
fsysprotocol.code.tex"
File: pgfsysprotocol.code.tex 2006/10/16  (rcs-revision 1.4)
))
("C:\Users\Tob\AppData\Local\Programs\MiKTeX 2.9\tex/generic/pgf/basiclayer\pgf
core.code.tex"
Package: pgfcore 2010/04/11 v3.0.1a (rcs-revision 1.7)

("C:\Users\Tob\AppData\Local\Programs\MiKTeX 2.9\tex/generic/pgf/math\pgfmath.c
ode.tex"
("C:\Users\Tob\AppData\Local\Programs\MiKTeX 2.9\tex/generic/pgf/math\pgfmathca
lc.code.tex"
("C:\Users\Tob\AppData\Local\Programs\MiKTeX 2.9\tex/generic/pgf/math\pgfmathut
il.code.tex")
("C:\Users\Tob\AppData\Local\Programs\MiKTeX 2.9\tex/generic/pgf/math\pgfmathpa
rser.code.tex"
\pgfmath@dimen=\dimen123
\pgfmath@count=\count99
\pgfmath@box=\box29
\pgfmath@toks=\toks28
\pgfmath@stack@operand=\toks29
\pgfmath@stack@operation=\toks30
)
("C:\Users\Tob\AppData\Local\Programs\MiKTeX 2.9\tex/generic/pgf/math\pgfmathfu
nctions.code.tex"
("C:\Users\Tob\AppData\Local\Programs\MiKTeX 2.9\tex/generic/pgf/math\pgfmathfu
nctions.basic.code.tex")
("C:\Users\Tob\AppData\Local\Programs\MiKTeX 2.9\tex/generic/pgf/math\pgfmathfu
nctions.trigonometric.code.tex")
("C:\Users\Tob\AppData\Local\Programs\MiKTeX 2.9\tex/generic/pgf/math\pgfmathfu
nctions.random.code.tex")
("C:\Users\Tob\AppData\Local\Programs\MiKTeX 2.9\tex/generic/pgf/math\pgfmathfu
nctions.comparison.code.tex")
("C:\Users\Tob\AppData\Local\Programs\MiKTeX 2.9\tex/generic/pgf/math\pgfmathfu
nctions.base.code.tex")
("C:\Users\Tob\AppData\Local\Programs\MiKTeX 2.9\tex/generic/pgf/math\pgfmathfu
nctions.round.code.tex")
("C:\Users\Tob\AppData\Local\Programs\MiKTeX 2.9\tex/generic/pgf/math\pgfmathfu
nctions.misc.code.tex")
("C:\Users\Tob\AppData\Local\Programs\MiKTeX 2.9\tex/generic/pgf/math\pgfmathfu
nctions.integerarithmetics.code.tex")))
("C:\Users\Tob\AppData\Local\Programs\MiKTeX 2.9\tex/generic/pgf/math\pgfmathfl
oat.code.tex"
\c@pgfmathroundto@lastzeros=\count100
))
("C:\Users\Tob\AppData\Local\Programs\MiKTeX 2.9\tex/generic/pgf/basiclayer\pgf
corepoints.code.tex"
File: pgfcorepoints.code.tex 2013/10/07  (rcs-revision 1.27)
\pgf@picminx=\dimen124
\pgf@picmaxx=\dimen125
\pgf@picminy=\dimen126
\pgf@picmaxy=\dimen127
\pgf@pathminx=\dimen128
\pgf@pathmaxx=\dimen129
\pgf@pathminy=\dimen130
\pgf@pathmaxy=\dimen131
\pgf@xx=\dimen132
\pgf@xy=\dimen133
\pgf@yx=\dimen134
\pgf@yy=\dimen135
\pgf@zx=\dimen136
\pgf@zy=\dimen137
)
("C:\Users\Tob\AppData\Local\Programs\MiKTeX 2.9\tex/generic/pgf/basiclayer\pgf
corepathconstruct.code.tex"
File: pgfcorepathconstruct.code.tex 2013/10/07  (rcs-revision 1.29)
\pgf@path@lastx=\dimen138
\pgf@path@lasty=\dimen139
)
("C:\Users\Tob\AppData\Local\Programs\MiKTeX 2.9\tex/generic/pgf/basiclayer\pgf
corepathusage.code.tex"
File: pgfcorepathusage.code.tex 2014/11/02  (rcs-revision 1.24)
\pgf@shorten@end@additional=\dimen140
\pgf@shorten@start@additional=\dimen141
)
("C:\Users\Tob\AppData\Local\Programs\MiKTeX 2.9\tex/generic/pgf/basiclayer\pgf
corescopes.code.tex"
File: pgfcorescopes.code.tex 2015/05/08  (rcs-revision 1.46)
\pgfpic=\box30
\pgf@hbox=\box31
\pgf@layerbox@main=\box32
\pgf@picture@serial@count=\count101
)
("C:\Users\Tob\AppData\Local\Programs\MiKTeX 2.9\tex/generic/pgf/basiclayer\pgf
coregraphicstate.code.tex"
File: pgfcoregraphicstate.code.tex 2014/11/02  (rcs-revision 1.12)
\pgflinewidth=\dimen142
)
("C:\Users\Tob\AppData\Local\Programs\MiKTeX 2.9\tex/generic/pgf/basiclayer\pgf
coretransformations.code.tex"
File: pgfcoretransformations.code.tex 2015/08/07  (rcs-revision 1.20)
\pgf@pt@x=\dimen143
\pgf@pt@y=\dimen144
\pgf@pt@temp=\dimen145
)
("C:\Users\Tob\AppData\Local\Programs\MiKTeX 2.9\tex/generic/pgf/basiclayer\pgf
corequick.code.tex"
File: pgfcorequick.code.tex 2008/10/09  (rcs-revision 1.3)
)
("C:\Users\Tob\AppData\Local\Programs\MiKTeX 2.9\tex/generic/pgf/basiclayer\pgf
coreobjects.code.tex"
File: pgfcoreobjects.code.tex 2006/10/11  (rcs-revision 1.2)
)
("C:\Users\Tob\AppData\Local\Programs\MiKTeX 2.9\tex/generic/pgf/basiclayer\pgf
corepathprocessing.code.tex"
File: pgfcorepathprocessing.code.tex 2013/09/09  (rcs-revision 1.9)
)
("C:\Users\Tob\AppData\Local\Programs\MiKTeX 2.9\tex/generic/pgf/basiclayer\pgf
corearrows.code.tex"
File: pgfcorearrows.code.tex 2015/05/14  (rcs-revision 1.43)
\pgfarrowsep=\dimen146
)
("C:\Users\Tob\AppData\Local\Programs\MiKTeX 2.9\tex/generic/pgf/basiclayer\pgf
coreshade.code.tex"
File: pgfcoreshade.code.tex 2013/07/15  (rcs-revision 1.15)
\pgf@max=\dimen147
\pgf@sys@shading@range@num=\count102
)
("C:\Users\Tob\AppData\Local\Programs\MiKTeX 2.9\tex/generic/pgf/basiclayer\pgf
coreimage.code.tex"
File: pgfcoreimage.code.tex 2013/07/15  (rcs-revision 1.18)

("C:\Users\Tob\AppData\Local\Programs\MiKTeX 2.9\tex/generic/pgf/basiclayer\pgf
coreexternal.code.tex"
File: pgfcoreexternal.code.tex 2014/07/09  (rcs-revision 1.21)
\pgfexternal@startupbox=\box33
))
("C:\Users\Tob\AppData\Local\Programs\MiKTeX 2.9\tex/generic/pgf/basiclayer\pgf
corelayers.code.tex"
File: pgfcorelayers.code.tex 2013/07/18  (rcs-revision 1.7)
)
("C:\Users\Tob\AppData\Local\Programs\MiKTeX 2.9\tex/generic/pgf/basiclayer\pgf
coretransparency.code.tex"
File: pgfcoretransparency.code.tex 2013/09/30  (rcs-revision 1.5)
)
("C:\Users\Tob\AppData\Local\Programs\MiKTeX 2.9\tex/generic/pgf/basiclayer\pgf
corepatterns.code.tex"
File: pgfcorepatterns.code.tex 2013/11/07  (rcs-revision 1.5)
)))
("C:\Users\Tob\AppData\Local\Programs\MiKTeX 2.9\tex/generic/pgf/modules\pgfmod
uleshapes.code.tex"
File: pgfmoduleshapes.code.tex 2014/03/21  (rcs-revision 1.35)
\pgfnodeparttextbox=\box34
)
("C:\Users\Tob\AppData\Local\Programs\MiKTeX 2.9\tex/generic/pgf/modules\pgfmod
uleplot.code.tex"
File: pgfmoduleplot.code.tex 2015/08/03  (rcs-revision 1.13)
)
("C:\Users\Tob\AppData\Local\Programs\MiKTeX 2.9\tex/latex/pgf/compatibility\pg
fcomp-version-0-65.sty"
Package: pgfcomp-version-0-65 2007/07/03 v3.0.1a (rcs-revision 1.7)
\pgf@nodesepstart=\dimen148
\pgf@nodesepend=\dimen149
)
("C:\Users\Tob\AppData\Local\Programs\MiKTeX 2.9\tex/latex/pgf/compatibility\pg
fcomp-version-1-18.sty"
Package: pgfcomp-version-1-18 2007/07/23 v3.0.1a (rcs-revision 1.1)
))
("C:\Users\Tob\AppData\Local\Programs\MiKTeX 2.9\tex/latex/pgf/utilities\pgffor
.sty"
("C:\Users\Tob\AppData\Local\Programs\MiKTeX 2.9\tex/latex/pgf/utilities\pgfkey
s.sty"
("C:\Users\Tob\AppData\Local\Programs\MiKTeX 2.9\tex/generic/pgf/utilities\pgfk
eys.code.tex"))
("C:\Users\Tob\AppData\Local\Programs\MiKTeX 2.9\tex/latex/pgf/math\pgfmath.sty
"
("C:\Users\Tob\AppData\Local\Programs\MiKTeX 2.9\tex/generic/pgf/math\pgfmath.c
ode.tex"))
("C:\Users\Tob\AppData\Local\Programs\MiKTeX 2.9\tex/generic/pgf/utilities\pgff
or.code.tex"
Package: pgffor 2013/12/13 v3.0.1a (rcs-revision 1.25)

("C:\Users\Tob\AppData\Local\Programs\MiKTeX 2.9\tex/generic/pgf/math\pgfmath.c
ode.tex")
\pgffor@iter=\dimen150
\pgffor@skip=\dimen151
\pgffor@stack=\toks31
\pgffor@toks=\toks32
))
("C:\Users\Tob\AppData\Local\Programs\MiKTeX 2.9\tex/generic/pgf/frontendlayer/
tikz\tikz.code.tex"
Package: tikz 2015/08/07 v3.0.1a (rcs-revision 1.151)

("C:\Users\Tob\AppData\Local\Programs\MiKTeX 2.9\tex/generic/pgf/libraries\pgfl
ibraryplothandlers.code.tex"
File: pgflibraryplothandlers.code.tex 2013/08/31 v3.0.1a (rcs-revision 1.20)
\pgf@plot@mark@count=\count103
\pgfplotmarksize=\dimen152
)
\tikz@lastx=\dimen153
\tikz@lasty=\dimen154
\tikz@lastxsaved=\dimen155
\tikz@lastysaved=\dimen156
\tikzleveldistance=\dimen157
\tikzsiblingdistance=\dimen158
\tikz@figbox=\box35
\tikz@figbox@bg=\box36
\tikz@tempbox=\box37
\tikz@tempbox@bg=\box38
\tikztreelevel=\count104
\tikznumberofchildren=\count105
\tikznumberofcurrentchild=\count106
\tikz@fig@count=\count107

("C:\Users\Tob\AppData\Local\Programs\MiKTeX 2.9\tex/generic/pgf/modules\pgfmod
ulematrix.code.tex"
File: pgfmodulematrix.code.tex 2013/09/17  (rcs-revision 1.8)
\pgfmatrixcurrentrow=\count108
\pgfmatrixcurrentcolumn=\count109
\pgf@matrix@numberofcolumns=\count110
)
\tikz@expandcount=\count111

("C:\Users\Tob\AppData\Local\Programs\MiKTeX 2.9\tex/generic/pgf/frontendlayer/
tikz/libraries\tikzlibrarytopaths.code.tex"
File: tikzlibrarytopaths.code.tex 2008/06/17 v3.0.1a (rcs-revision 1.2)
)))
("C:\Users\Tob\AppData\Local\Programs\MiKTeX 2.9\tex/generic/pgf/frontendlayer/
tikz/libraries\tikzlibrarypositioning.code.tex"
File: tikzlibrarypositioning.code.tex 2008/10/06 v3.0.1a (rcs-revision 1.7)
)
("C:\Users\Tob\AppData\Local\Programs\MiKTeX 2.9\tex/generic/pgf/frontendlayer/
tikz/libraries\tikzlibraryshadows.code.tex"
File: tikzlibraryshadows.code.tex 2008/01/13 v3.0.1a (rcs-revision 1.3)

("C:\Users\Tob\AppData\Local\Programs\MiKTeX 2.9\tex/generic/pgf/frontendlayer/
tikz/libraries\tikzlibraryfadings.code.tex"
File: tikzlibraryfadings.code.tex 2009/11/15 v3.0.1a (rcs-revision 1.2)

("C:\Users\Tob\AppData\Local\Programs\MiKTeX 2.9\tex/generic/pgf/libraries\pgfl
ibraryfadings.code.tex"
File: pgflibraryfadings.code.tex 2008/02/07 v3.0.1a (rcs-revision 1.3)
)))
("C:\Users\Tob\AppData\Local\Programs\MiKTeX 2.9\tex/latex/tools\calc.sty"
Package: calc 2017/05/25 v4.3 Infix arithmetic (KKT,FJ)
\calc@Acount=\count112
\calc@Bcount=\count113
\calc@Adimen=\dimen159
\calc@Bdimen=\dimen160
\calc@Askip=\skip45
\calc@Bskip=\skip46
LaTeX Info: Redefining \setlength on input line 80.
LaTeX Info: Redefining \addtolength on input line 81.
\calc@Ccount=\count114
\calc@Cskip=\skip47
)
\c@@todonotes@numberoftodonotes=\count115
)
("C:\Users\Tob\AppData\Local\Programs\MiKTeX 2.9\tex/latex/hyperref\hyperref.st
y"
Package: hyperref 2018/11/30 v6.88e Hypertext links for LaTeX

("C:\Users\Tob\AppData\Local\Programs\MiKTeX 2.9\tex/generic/oberdiek\hobsub-hy
perref.sty"
Package: hobsub-hyperref 2016/05/16 v1.14 Bundle oberdiek, subset hyperref (HO)


("C:\Users\Tob\AppData\Local\Programs\MiKTeX 2.9\tex/generic/oberdiek\hobsub-ge
neric.sty"
Package: hobsub-generic 2016/05/16 v1.14 Bundle oberdiek, subset generic (HO)
Package: hobsub 2016/05/16 v1.14 Construct package bundles (HO)
Package: infwarerr 2016/05/16 v1.4 Providing info/warning/error messages (HO)
Package: ltxcmds 2016/05/16 v1.23 LaTeX kernel commands for general use (HO)
Package: ifluatex 2016/05/16 v1.4 Provides the ifluatex switch (HO)
Package ifluatex Info: LuaTeX not detected.
Package hobsub Info: Skipping package `ifvtex' (already loaded).
Package: intcalc 2016/05/16 v1.2 Expandable calculations with integers (HO)
Package hobsub Info: Skipping package `ifpdf' (already loaded).
Package: etexcmds 2016/05/16 v1.6 Avoid name clashes with e-TeX commands (HO)
Package: kvsetkeys 2016/05/16 v1.17 Key value parser (HO)
Package: kvdefinekeys 2016/05/16 v1.4 Define keys (HO)
Package: pdftexcmds 2018/09/10 v0.29 Utility functions of pdfTeX for LuaTeX (HO
)
Package pdftexcmds Info: LuaTeX not detected.
Package pdftexcmds Info: \pdf@primitive is available.
Package pdftexcmds Info: \pdf@ifprimitive is available.
Package pdftexcmds Info: \pdfdraftmode found.
Package: pdfescape 2016/05/16 v1.14 Implements pdfTeX's escape features (HO)
Package: bigintcalc 2016/05/16 v1.4 Expandable calculations on big integers (HO
)
Package: bitset 2016/05/16 v1.2 Handle bit-vector datatype (HO)
Package: uniquecounter 2016/05/16 v1.3 Provide unlimited unique counter (HO)
)
Package hobsub Info: Skipping package `hobsub' (already loaded).
Package: letltxmacro 2016/05/16 v1.5 Let assignment for LaTeX macros (HO)
Package: hopatch 2016/05/16 v1.3 Wrapper for package hooks (HO)
Package: xcolor-patch 2016/05/16 xcolor patch
Package: atveryend 2016/05/16 v1.9 Hooks at the very end of document (HO)
Package atveryend Info: \enddocument detected (standard20110627).
Package: atbegshi 2016/06/09 v1.18 At begin shipout hook (HO)
Package: refcount 2016/05/16 v3.5 Data extraction from label references (HO)
Package: hycolor 2016/05/16 v1.8 Color options for hyperref/bookmark (HO)
)
("C:\Users\Tob\AppData\Local\Programs\MiKTeX 2.9\tex/latex/oberdiek\auxhook.sty
"
Package: auxhook 2016/05/16 v1.4 Hooks for auxiliary files (HO)
)
("C:\Users\Tob\AppData\Local\Programs\MiKTeX 2.9\tex/latex/oberdiek\kvoptions.s
ty"
Package: kvoptions 2016/05/16 v3.12 Key value format for package options (HO)
)
\@linkdim=\dimen161
\Hy@linkcounter=\count116
\Hy@pagecounter=\count117

("C:\Users\Tob\AppData\Local\Programs\MiKTeX 2.9\tex/latex/hyperref\pd1enc.def"
File: pd1enc.def 2018/11/30 v6.88e Hyperref: PDFDocEncoding definition (HO)
Now handling font encoding PD1 ...
... no UTF-8 mapping file for font encoding PD1
)
\Hy@SavedSpaceFactor=\count118

("C:\Users\Tob\AppData\Local\Programs\MiKTeX 2.9\tex/latex/00miktex\hyperref.cf
g"
File: hyperref.cfg 2002/06/06 v1.2 hyperref configuration of TeXLive
)
Package hyperref Info: Hyper figures OFF on input line 4519.
Package hyperref Info: Link nesting OFF on input line 4524.
Package hyperref Info: Hyper index ON on input line 4527.
Package hyperref Info: Plain pages OFF on input line 4534.
Package hyperref Info: Backreferencing OFF on input line 4539.
Package hyperref Info: Implicit mode ON; LaTeX internals redefined.
Package hyperref Info: Bookmarks ON on input line 4772.
\c@Hy@tempcnt=\count119
 ("C:\Users\Tob\AppData\Local\Programs\MiKTeX 2.9\tex/latex/url\url.sty"
\Urlmuskip=\muskip10
Package: url 2013/09/16  ver 3.4  Verb mode for urls, etc.
)
LaTeX Info: Redefining \url on input line 5125.
\XeTeXLinkMargin=\dimen162
\Fld@menulength=\count120
\Field@Width=\dimen163
\Fld@charsize=\dimen164
Package hyperref Info: Hyper figures OFF on input line 6380.
Package hyperref Info: Link nesting OFF on input line 6385.
Package hyperref Info: Hyper index ON on input line 6388.
Package hyperref Info: backreferencing OFF on input line 6395.
Package hyperref Info: Link coloring OFF on input line 6400.
Package hyperref Info: Link coloring with OCG OFF on input line 6405.
Package hyperref Info: PDF/A mode OFF on input line 6410.
LaTeX Info: Redefining \ref on input line 6450.
LaTeX Info: Redefining \pageref on input line 6454.
\Hy@abspage=\count121
\c@Item=\count122
\c@Hfootnote=\count123
)
Package hyperref Info: Driver (autodetected): hpdftex.

("C:\Users\Tob\AppData\Local\Programs\MiKTeX 2.9\tex/latex/hyperref\hpdftex.def
"
File: hpdftex.def 2018/11/30 v6.88e Hyperref driver for pdfTeX
\Fld@listcount=\count124
\c@bookmark@seq@number=\count125

("C:\Users\Tob\AppData\Local\Programs\MiKTeX 2.9\tex/latex/oberdiek\rerunfilech
eck.sty"
Package: rerunfilecheck 2016/05/16 v1.8 Rerun checks for auxiliary files (HO)
Package uniquecounter Info: New unique counter `rerunfilecheck' on input line 2
82.
)
\Hy@SectionHShift=\skip48
)
("C:\Users\Tob\AppData\Local\Programs\MiKTeX 2.9\tex/latex/siunitx\siunitx.sty"
("C:\Users\Tob\AppData\Local\Programs\MiKTeX 2.9\tex/latex/l3kernel\expl3.sty"
Package: expl3 2019-01-01 L3 programming layer (loader) 

("C:\Users\Tob\AppData\Local\Programs\MiKTeX 2.9\tex/latex/l3kernel\expl3-code.
tex"
Package: expl3 2019-01-01 L3 programming layer (code)
\c_max_int=\count126
\l_tmpa_int=\count127
\l_tmpb_int=\count128
\g_tmpa_int=\count129
\g_tmpb_int=\count130
\g__kernel_prg_map_int=\count131
\c_log_iow=\count132
\l_iow_line_count_int=\count133
\l__iow_line_target_int=\count134
\l__iow_one_indent_int=\count135
\l__iow_indent_int=\count136
\c_zero_dim=\dimen165
\c_max_dim=\dimen166
\l_tmpa_dim=\dimen167
\l_tmpb_dim=\dimen168
\g_tmpa_dim=\dimen169
\g_tmpb_dim=\dimen170
\c_zero_skip=\skip49
\c_max_skip=\skip50
\l_tmpa_skip=\skip51
\l_tmpb_skip=\skip52
\g_tmpa_skip=\skip53
\g_tmpb_skip=\skip54
\c_zero_muskip=\muskip11
\c_max_muskip=\muskip12
\l_tmpa_muskip=\muskip13
\l_tmpb_muskip=\muskip14
\g_tmpa_muskip=\muskip15
\g_tmpb_muskip=\muskip16
\l_keys_choice_int=\count137
\l__intarray_loop_int=\count138
\c__intarray_sp_dim=\dimen171
\g__intarray_font_int=\count139
\c__fp_leading_shift_int=\count140
\c__fp_middle_shift_int=\count141
\c__fp_trailing_shift_int=\count142
\c__fp_big_leading_shift_int=\count143
\c__fp_big_middle_shift_int=\count144
\c__fp_big_trailing_shift_int=\count145
\c__fp_Bigg_leading_shift_int=\count146
\c__fp_Bigg_middle_shift_int=\count147
\c__fp_Bigg_trailing_shift_int=\count148
\c__kernel_randint_max_int=\count149
\g__fp_array_int=\count150
\l__fp_array_loop_int=\count151
\l__sort_length_int=\count152
\l__sort_min_int=\count153
\l__sort_top_int=\count154
\l__sort_max_int=\count155
\l__sort_true_max_int=\count156
\l__sort_block_int=\count157
\l__sort_begin_int=\count158
\l__sort_end_int=\count159
\l__sort_A_int=\count160
\l__sort_B_int=\count161
\l__sort_C_int=\count162
\l__tl_analysis_normal_int=\count163
\l__tl_analysis_index_int=\count164
\l__tl_analysis_nesting_int=\count165
\l__tl_analysis_type_int=\count166
\l__regex_internal_a_int=\count167
\l__regex_internal_b_int=\count168
\l__regex_internal_c_int=\count169
\l__regex_balance_int=\count170
\l__regex_group_level_int=\count171
\l__regex_mode_int=\count172
\c__regex_cs_in_class_mode_int=\count173
\c__regex_cs_mode_int=\count174
\l__regex_catcodes_int=\count175
\l__regex_default_catcodes_int=\count176
\c__regex_catcode_D_int=\count177
\c__regex_catcode_S_int=\count178
\c__regex_catcode_L_int=\count179
\c__regex_catcode_O_int=\count180
\c__regex_catcode_A_int=\count181
\c__regex_all_catcodes_int=\count182
\l__regex_show_lines_int=\count183
\l__regex_min_state_int=\count184
\l__regex_max_state_int=\count185
\l__regex_left_state_int=\count186
\l__regex_right_state_int=\count187
\l__regex_capturing_group_int=\count188
\l__regex_min_pos_int=\count189
\l__regex_max_pos_int=\count190
\l__regex_curr_pos_int=\count191
\l__regex_start_pos_int=\count192
\l__regex_success_pos_int=\count193
\l__regex_curr_char_int=\count194
\l__regex_curr_catcode_int=\count195
\l__regex_last_char_int=\count196
\l__regex_case_changed_char_int=\count197
\l__regex_curr_state_int=\count198
\l__regex_step_int=\count199
\l__regex_min_active_int=\count266
\l__regex_max_active_int=\count267
\l__regex_replacement_csnames_int=\count268
\l__regex_match_count_int=\count269
\l__regex_min_submatch_int=\count270
\l__regex_submatch_int=\count271
\l__regex_zeroth_submatch_int=\count272
\g__regex_trace_regex_int=\count273
\c_empty_box=\box39
\l_tmpa_box=\box40
\l_tmpb_box=\box41
\g_tmpa_box=\box42
\g_tmpb_box=\box43
\l__box_top_dim=\dimen172
\l__box_bottom_dim=\dimen173
\l__box_left_dim=\dimen174
\l__box_right_dim=\dimen175
\l__box_top_new_dim=\dimen176
\l__box_bottom_new_dim=\dimen177
\l__box_left_new_dim=\dimen178
\l__box_right_new_dim=\dimen179
\l__box_internal_box=\box44
\l__coffin_internal_box=\box45
\l__coffin_internal_dim=\dimen180
\l__coffin_offset_x_dim=\dimen181
\l__coffin_offset_y_dim=\dimen182
\l__coffin_x_dim=\dimen183
\l__coffin_y_dim=\dimen184
\l__coffin_x_prime_dim=\dimen185
\l__coffin_y_prime_dim=\dimen186
\c_empty_coffin=\box46
\l__coffin_aligned_coffin=\box47
\l__coffin_aligned_internal_coffin=\box48
\l_tmpa_coffin=\box49
\l_tmpb_coffin=\box50
\l__coffin_display_coffin=\box51
\l__coffin_display_coord_coffin=\box52
\l__coffin_display_pole_coffin=\box53
\l__coffin_display_offset_dim=\dimen187
\l__coffin_display_x_dim=\dimen188
\l__coffin_display_y_dim=\dimen189
\g__file_internal_ior=\read2
\l__coffin_bounding_shift_dim=\dimen190
\l__coffin_left_corner_dim=\dimen191
\l__coffin_right_corner_dim=\dimen192
\l__coffin_bottom_corner_dim=\dimen193
\l__coffin_top_corner_dim=\dimen194
\l__coffin_scaled_total_height_dim=\dimen195
\l__coffin_scaled_width_dim=\dimen196
\l__seq_internal_a_int=\count274
\l__seq_internal_b_int=\count275
)
("C:\Users\Tob\AppData\Local\Programs\MiKTeX 2.9\tex/latex/l3kernel\l3pdfmode.d
ef"
File: l3pdfmode.def 2019-01-01 v L3 Experimental driver: PDF mode
\l__driver_color_stack_int=\count276
))
("C:\Users\Tob\AppData\Local\Programs\MiKTeX 2.9\tex/latex/l3packages/xparse\xp
arse.sty"
Package: xparse 2018-10-17 L3 Experimental document command parser
\l__xparse_current_arg_int=\count277
\g__xparse_grabber_int=\count278
\l__xparse_m_args_int=\count279
\l__xparse_mandatory_args_int=\count280
\l__xparse_v_nesting_int=\count281
)
Package: siunitx 2018/05/17 v2.7s A comprehensive (SI) units package

("C:\Users\Tob\AppData\Local\Programs\MiKTeX 2.9\tex/latex/amsmath\amstext.sty"
Package: amstext 2000/06/29 v2.01 AMS text
("C:\Users\Tob\AppData\Local\Programs\MiKTeX 2.9\tex/latex/amsmath\amsgen.sty"
File: amsgen.sty 1999/11/30 v2.0 generic functions
\@emptytoks=\toks33
\ex@=\dimen197
)) ("C:\Users\Tob\AppData\Local\Programs\MiKTeX 2.9\tex/latex/tools\array.sty"
Package: array 2018/11/13 v2.4j Tabular extension package (FMi)
\col@sep=\dimen198
\ar@mcellbox=\box54
\extrarowheight=\dimen199
\NC@list=\toks34
\extratabsurround=\skip55
\backup@length=\skip56
\ar@cellbox=\box55
)
("C:\Users\Tob\AppData\Local\Programs\MiKTeX 2.9\tex/latex/l3packages/l3keys2e\
l3keys2e.sty"
Package: l3keys2e 2018-10-17 LaTeX2e option processing using LaTeX3 keys
)
\l__siunitx_tmp_box=\box56
\l__siunitx_tmp_dim=\dimen256
\l__siunitx_tmp_int=\count282
\l__siunitx_number_mantissa_length_int=\count283
\l__siunitx_number_uncert_length_int=\count284
\l__siunitx_round_int=\count285
\l__siunitx_process_decimal_int=\count286
\l__siunitx_process_uncertainty_int=\count287
\l__siunitx_process_fixed_int=\count288
\l__siunitx_process_integer_min_int=\count289
\l__siunitx_process_precision_int=\count290
\l__siunitx_group_min_int=\count291
\l__siunitx_angle_marker_box=\box57
\l__siunitx_angle_unit_box=\box58
\l__siunitx_angle_marker_dim=\dimen257
\l__siunitx_angle_unit_dim=\dimen258
\l__siunitx_unit_int=\count292
\l__siunitx_unit_denominator_int=\count293
\l__siunitx_unit_numerator_int=\count294
\l__siunitx_unit_prefix_int=\count295
\l__siunitx_unit_prefix_base_int=\count296
\l__siunitx_unit_prefix_gram_int=\count297
\l__siunitx_number_product_int=\count298
\c__siunitx_one_fill_skip=\skip57
\l__siunitx_table_unit_align_skip=\skip58
\l__siunitx_table_exponent_dim=\dimen259
\l__siunitx_table_integer_dim=\dimen260
\l__siunitx_table_mantissa_dim=\dimen261
\l__siunitx_table_marker_dim=\dimen262
\l__siunitx_table_result_dim=\dimen263
\l__siunitx_table_uncert_dim=\dimen264
\l__siunitx_table_fill_pre_dim=\dimen265
\l__siunitx_table_fill_post_dim=\dimen266
\l__siunitx_table_fill_mid_dim=\dimen267
\l__siunitx_table_pre_box=\box59
\l__siunitx_table_post_box=\box60
\l__siunitx_table_mantissa_box=\box61
\l__siunitx_table_result_box=\box62
\l__siunitx_table_number_align_skip=\skip59
\l__siunitx_table_text_align_skip=\skip60

("C:\Users\Tob\AppData\Local\Programs\MiKTeX 2.9\tex/latex/translator\translato
r.sty"
Package: translator 2018/01/04 v1.12 Easy translation of strings in LaTeX
))
("C:\Users\Tob\AppData\Local\Programs\MiKTeX 2.9\tex/latex/amsmath\amsmath.sty"
Package: amsmath 2018/12/01 v2.17b AMS math features
\@mathmargin=\skip61
For additional information on amsmath, use the `?' option.
("C:\Users\Tob\AppData\Local\Programs\MiKTeX 2.9\tex/latex/amsmath\amsbsy.sty"
Package: amsbsy 1999/11/29 v1.2d Bold Symbols
\pmbraise@=\dimen268
) ("C:\Users\Tob\AppData\Local\Programs\MiKTeX 2.9\tex/latex/amsmath\amsopn.sty
"
Package: amsopn 2016/03/08 v2.02 operator names
)
\inf@bad=\count299
LaTeX Info: Redefining \frac on input line 223.
\uproot@=\count300
\leftroot@=\count301
LaTeX Info: Redefining \overline on input line 385.
\classnum@=\count302
\DOTSCASE@=\count303
LaTeX Info: Redefining \ldots on input line 482.
LaTeX Info: Redefining \dots on input line 485.
LaTeX Info: Redefining \cdots on input line 606.
\Mathstrutbox@=\box63
\strutbox@=\box64
\big@size=\dimen269
LaTeX Font Info:    Redeclaring font encoding OML on input line 729.
LaTeX Font Info:    Redeclaring font encoding OMS on input line 730.
\macc@depth=\count304
\c@MaxMatrixCols=\count305
\dotsspace@=\muskip17
\c@parentequation=\count306
\dspbrk@lvl=\count307
\tag@help=\toks35
\row@=\count308
\column@=\count309
\maxfields@=\count310
\andhelp@=\toks36
\eqnshift@=\dimen270
\alignsep@=\dimen271
\tagshift@=\dimen272
\tagwidth@=\dimen273
\totwidth@=\dimen274
\lineht@=\dimen275
\@envbody=\toks37
\multlinegap=\skip62
\multlinetaggap=\skip63
\mathdisplay@stack=\toks38
LaTeX Info: Redefining \[ on input line 2844.
LaTeX Info: Redefining \] on input line 2845.
)
("C:\Users\Tob\AppData\Local\Programs\MiKTeX 2.9\tex/latex/subfigure\subfigure.
sty"
Package: subfigure 2002/07/30 v2.1.4 subfigure package
\subfigtopskip=\skip64
\subfigcapskip=\skip65
\subfigcaptopadj=\dimen276
\subfigbottomskip=\skip66
\subfigcapmargin=\dimen277
\subfiglabelskip=\skip67
\c@subfigure=\count311
\c@lofdepth=\count312
\c@subtable=\count313
\c@lotdepth=\count314

****************************************
* Local config file subfigure.cfg used *
****************************************

("C:\Users\Tob\AppData\Local\Programs\MiKTeX 2.9\tex/latex/subfigure\subfigure.
cfg")
\subfig@top=\skip68
\subfig@bottom=\skip69
)
("C:\Users\Tob\AppData\Local\Programs\MiKTeX 2.9\tex/latex/wrapfig\wrapfig.sty"
\wrapoverhang=\dimen278
\WF@size=\dimen279
\c@WF@wrappedlines=\count315
\WF@box=\box65
\WF@everypar=\toks39
Package: wrapfig 2003/01/31  v 3.6
)
("C:\Users\Tob\AppData\Local\Programs\MiKTeX 2.9\tex/latex/booktabs\booktabs.st
y"
Package: booktabs 2005/04/14 v1.61803 publication quality tables
\heavyrulewidth=\dimen280
\lightrulewidth=\dimen281
\cmidrulewidth=\dimen282
\belowrulesep=\dimen283
\belowbottomsep=\dimen284
\aboverulesep=\dimen285
\abovetopsep=\dimen286
\cmidrulesep=\dimen287
\cmidrulekern=\dimen288
\defaultaddspace=\dimen289
\@cmidla=\count316
\@cmidlb=\count317
\@aboverulesep=\dimen290
\@belowrulesep=\dimen291
\@thisruleclass=\count318
\@lastruleclass=\count319
\@thisrulewidth=\dimen292
)
("C:\Users\Tob\AppData\Local\Programs\MiKTeX 2.9\tex/latex/preprint\authblk.sty
"
Package: authblk 2001/02/27 1.3 (PWD)
\affilsep=\skip70
\@affilsep=\skip71
\c@Maxaffil=\count320
\c@authors=\count321
\c@affil=\count322
)
("C:\Users\Tob\AppData\Local\Programs\MiKTeX 2.9\tex/latex/fancyhdr\fancyhdr.st
y"
Package: fancyhdr 2017/06/30 v3.9a Extensive control of page headers and footer
s
\f@nch@headwidth=\skip72
\f@nch@O@elh=\skip73
\f@nch@O@erh=\skip74
\f@nch@O@olh=\skip75
\f@nch@O@orh=\skip76
\f@nch@O@elf=\skip77
\f@nch@O@erf=\skip78
\f@nch@O@olf=\skip79
\f@nch@O@orf=\skip80
) (main.aux)
\openout1 = `main.aux'.

LaTeX Font Info:    Checking defaults for OML/cmm/m/it on input line 38.
LaTeX Font Info:    ... okay on input line 38.
LaTeX Font Info:    Checking defaults for T1/cmr/m/n on input line 38.
LaTeX Font Info:    ... okay on input line 38.
LaTeX Font Info:    Checking defaults for OT1/cmr/m/n on input line 38.
LaTeX Font Info:    ... okay on input line 38.
LaTeX Font Info:    Checking defaults for OMS/cmsy/m/n on input line 38.
LaTeX Font Info:    ... okay on input line 38.
LaTeX Font Info:    Checking defaults for OMX/cmex/m/n on input line 38.
LaTeX Font Info:    ... okay on input line 38.
LaTeX Font Info:    Checking defaults for U/cmr/m/n on input line 38.
LaTeX Font Info:    ... okay on input line 38.
LaTeX Font Info:    Checking defaults for PD1/pdf/m/n on input line 38.
LaTeX Font Info:    ... okay on input line 38.

*geometry* driver: auto-detecting
*geometry* detected driver: pdftex
*geometry* verbose mode - [ preamble ] result:
* driver: pdftex
* paper: a4paper
* layout: <same size as paper>
* layoutoffset:(h,v)=(0.0pt,0.0pt)
* modes: 
* h-part:(L,W,R)=(85.35826pt, 426.79135pt, 85.35826pt)
* v-part:(T,H,B)=(85.35826pt, 674.33032pt, 85.35826pt)
* \paperwidth=597.50787pt
* \paperheight=845.04684pt
* \textwidth=426.79135pt
* \textheight=674.33032pt
* \oddsidemargin=13.08827pt
* \evensidemargin=13.08827pt
* \topmargin=-23.91173pt
* \headheight=12.0pt
* \headsep=25.0pt
* \topskip=10.0pt
* \footskip=30.0pt
* \marginparwidth=65.0pt
* \marginparsep=11.0pt
* \columnsep=10.0pt
* \skip\footins=9.0pt plus 4.0pt minus 2.0pt
* \hoffset=0.0pt
* \voffset=0.0pt
* \mag=1000
* \@twocolumnfalse
* \@twosidefalse
* \@mparswitchfalse
* \@reversemarginfalse
* (1in=72.27pt=25.4mm, 1cm=28.453pt)

("C:\Users\Tob\AppData\Local\Programs\MiKTeX 2.9\tex/context/base\supp-pdf.mkii
"
[Loading MPS to PDF converter (version 2006.09.02).]
\scratchcounter=\count323
\scratchdimen=\dimen293
\scratchbox=\box66
\nofMPsegments=\count324
\nofMParguments=\count325
\everyMPshowfont=\toks40
\MPscratchCnt=\count326
\MPscratchDim=\dimen294
\MPnumerator=\count327
\makeMPintoPDFobject=\count328
\everyMPtoPDFconversion=\toks41
)
("C:\Users\Tob\AppData\Local\Programs\MiKTeX 2.9\tex/latex/oberdiek\epstopdf-ba
se.sty"
Package: epstopdf-base 2016/05/15 v2.6 Base part for package epstopdf

("C:\Users\Tob\AppData\Local\Programs\MiKTeX 2.9\tex/latex/oberdiek\grfext.sty"
Package: grfext 2016/05/16 v1.2 Manage graphics extensions (HO)
)
Package epstopdf-base Info: Redefining graphics rule for `.eps' on input line 4
38.
Package grfext Info: Graphics extension search list:
(grfext)             [.pdf,.png,.jpg,.mps,.jpeg,.jbig2,.jb2,.PDF,.PNG,.JPG,.JPE
G,.JBIG2,.JB2,.eps]
(grfext)             \AppendGraphicsExtensions on input line 456.
) ABD: EveryShipout initializing macros
\AtBeginShipoutBox=\box67
Package hyperref Info: Link coloring OFF on input line 38.

("C:\Users\Tob\AppData\Local\Programs\MiKTeX 2.9\tex/latex/hyperref\nameref.sty
"
Package: nameref 2016/05/21 v2.44 Cross-referencing by name of section

("C:\Users\Tob\AppData\Local\Programs\MiKTeX 2.9\tex/generic/oberdiek\gettitles
tring.sty"
Package: gettitlestring 2016/05/16 v1.5 Cleanup title references (HO)
)
\c@section@level=\count329
)
LaTeX Info: Redefining \ref on input line 38.
LaTeX Info: Redefining \pageref on input line 38.
LaTeX Info: Redefining \nameref on input line 38.
 (main.out) (main.out)
\@outlinefile=\write4
\openout4 = `main.out'.

Now handling font encoding TS1 ...
... processing UTF-8 mapping file for font encoding TS1

("C:\Users\Tob\AppData\Local\Programs\MiKTeX 2.9\tex/latex/base\ts1enc.dfu"
File: ts1enc.dfu 2018/10/05 v1.2f UTF-8 support for inputenc
   defining Unicode char U+00A2 (decimal 162)
   defining Unicode char U+00A3 (decimal 163)
   defining Unicode char U+00A4 (decimal 164)
   defining Unicode char U+00A5 (decimal 165)
   defining Unicode char U+00A6 (decimal 166)
   defining Unicode char U+00A7 (decimal 167)
   defining Unicode char U+00A8 (decimal 168)
   defining Unicode char U+00A9 (decimal 169)
   defining Unicode char U+00AA (decimal 170)
   defining Unicode char U+00AC (decimal 172)
   defining Unicode char U+00AE (decimal 174)
   defining Unicode char U+00AF (decimal 175)
   defining Unicode char U+00B0 (decimal 176)
   defining Unicode char U+00B1 (decimal 177)
   defining Unicode char U+00B2 (decimal 178)
   defining Unicode char U+00B3 (decimal 179)
   defining Unicode char U+00B4 (decimal 180)
   defining Unicode char U+00B5 (decimal 181)
   defining Unicode char U+00B6 (decimal 182)
   defining Unicode char U+00B7 (decimal 183)
   defining Unicode char U+00B9 (decimal 185)
   defining Unicode char U+00BA (decimal 186)
   defining Unicode char U+00BC (decimal 188)
   defining Unicode char U+00BD (decimal 189)
   defining Unicode char U+00BE (decimal 190)
   defining Unicode char U+00D7 (decimal 215)
   defining Unicode char U+00F7 (decimal 247)
   defining Unicode char U+0192 (decimal 402)
   defining Unicode char U+02C7 (decimal 711)
   defining Unicode char U+02D8 (decimal 728)
   defining Unicode char U+02DD (decimal 733)
   defining Unicode char U+0E3F (decimal 3647)
   defining Unicode char U+2016 (decimal 8214)
   defining Unicode char U+2020 (decimal 8224)
   defining Unicode char U+2021 (decimal 8225)
   defining Unicode char U+2022 (decimal 8226)
   defining Unicode char U+2030 (decimal 8240)
   defining Unicode char U+2031 (decimal 8241)
   defining Unicode char U+203B (decimal 8251)
   defining Unicode char U+203D (decimal 8253)
   defining Unicode char U+2044 (decimal 8260)
   defining Unicode char U+204E (decimal 8270)
   defining Unicode char U+2052 (decimal 8274)
   defining Unicode char U+20A1 (decimal 8353)
   defining Unicode char U+20A4 (decimal 8356)
   defining Unicode char U+20A6 (decimal 8358)
   defining Unicode char U+20A9 (decimal 8361)
   defining Unicode char U+20AB (decimal 8363)
   defining Unicode char U+20AC (decimal 8364)
   defining Unicode char U+20B1 (decimal 8369)
   defining Unicode char U+2103 (decimal 8451)
   defining Unicode char U+2116 (decimal 8470)
   defining Unicode char U+2117 (decimal 8471)
   defining Unicode char U+211E (decimal 8478)
   defining Unicode char U+2120 (decimal 8480)
   defining Unicode char U+2122 (decimal 8482)
   defining Unicode char U+2126 (decimal 8486)
   defining Unicode char U+2127 (decimal 8487)
   defining Unicode char U+212E (decimal 8494)
   defining Unicode char U+2190 (decimal 8592)
   defining Unicode char U+2191 (decimal 8593)
   defining Unicode char U+2192 (decimal 8594)
   defining Unicode char U+2193 (decimal 8595)
   defining Unicode char U+2329 (decimal 9001)
   defining Unicode char U+232A (decimal 9002)
   defining Unicode char U+2422 (decimal 9250)
   defining Unicode char U+25E6 (decimal 9702)
   defining Unicode char U+25EF (decimal 9711)
   defining Unicode char U+266A (decimal 9834)
   defining Unicode char U+FEFF (decimal 65279)
)
("C:\Users\Tob\AppData\Local\Programs\MiKTeX 2.9\tex/latex/translator\translato
r-basic-dictionary-English.dict"
Dictionary: translator-basic-dictionary, Language: English 
)
("C:\Users\Tob\AppData\Local\Programs\MiKTeX 2.9\tex/latex/siunitx\siunitx-abbr
eviations.cfg"
File: siunitx-abbreviations.cfg 2017/11/26 v2.7k siunitx: Abbreviated units
) (title.tex
LaTeX Font Info:    Try loading font information for OMS+cmr on input line 31.

("C:\Users\Tob\AppData\Local\Programs\MiKTeX 2.9\tex/latex/base\omscmr.fd"
File: omscmr.fd 2014/09/29 v2.5h Standard LaTeX font definitions
)
LaTeX Font Info:    Font shape `OMS/cmr/m/n' in size <8> not available
(Font)              Font shape `OMS/cmsy/m/n' tried instead on input line 31.
LaTeX Font Info:    Font shape `OMS/cmr/m/n' in size <6> not available
(Font)              Font shape `OMS/cmsy/m/n' tried instead on input line 31.
Package epstopdf Info: Source file: <Images/Logos/logo_epfl.eps>
(epstopdf)                    date: 2019-01-04 14:37:32
(epstopdf)                    size: 1074102 bytes
(epstopdf)             Output file: <Images/Logos/logo_epfl-eps-converted-to.pd
f>
(epstopdf)                    date: 2019-01-04 15:08:01
(epstopdf)                    size: 36270 bytes
(epstopdf)             Command: <epstopdf --outfile=Images/Logos/logo_epfl-eps-
converted-to.pdf Images/Logos/logo_epfl.eps>
(epstopdf)             \includegraphics on input line 37.
Package epstopdf Info: Output file is already uptodate.


pdfTeX warning: pdflatex.exe (file ./Images/Logos/logo_epfl-eps-converted-to.pd
f): PDF inclusion: found PDF version <1.7>, but at most version <1.5> allowed
<Images/Logos/logo_epfl-eps-converted-to.pdf, id=250, 142.5325pt x 68.255pt>
File: Images/Logos/logo_epfl-eps-converted-to.pdf Graphic file (type pdf)
<use Images/Logos/logo_epfl-eps-converted-to.pdf>
Package pdftex.def Info: Images/Logos/logo_epfl-eps-converted-to.pdf  used on i
nput line 37.
(pdftex.def)             Requested size: 113.81102pt x 54.50095pt.
Package epstopdf Info: Source file: <Images/Logos/logo_ipese.eps>
(epstopdf)                    date: 2019-01-04 14:37:32
(epstopdf)                    size: 43695 bytes
(epstopdf)             Output file: <Images/Logos/logo_ipese-eps-converted-to.p
df>
(epstopdf)                    date: 2019-01-04 15:08:02
(epstopdf)                    size: 14797 bytes
(epstopdf)             Command: <epstopdf --outfile=Images/Logos/logo_ipese-eps
-converted-to.pdf Images/Logos/logo_ipese.eps>
(epstopdf)             \includegraphics on input line 39.
Package epstopdf Info: Output file is already uptodate.


pdfTeX warning: pdflatex.exe (file ./Images/Logos/logo_ipese-eps-converted-to.p
df): PDF inclusion: found PDF version <1.7>, but at most version <1.5> allowed
<Images/Logos/logo_ipese-eps-converted-to.pdf, id=251, 1576.89125pt x 566.115pt
>
File: Images/Logos/logo_ipese-eps-converted-to.pdf Graphic file (type pdf)
<use Images/Logos/logo_ipese-eps-converted-to.pdf>
Package pdftex.def Info: Images/Logos/logo_ipese-eps-converted-to.pdf  used on 
input line 39.
(pdftex.def)             Requested size: 130.88284pt x 46.9832pt.
[1

{C:/Users/Tob/AppData/Local/MiKTeX/2.9/pdftex/config/pdftex.map} <./Images/Logo
s/logo_epfl-eps-converted-to.pdf> <./Images/Logos/logo_ipese-eps-converted-to.p
df>])pdfTeX warning (ext4): destination with the same identifier (name{page.1})
 has been already used, duplicate ignored
<to be read again> 
                   \relax 
l.48 \clearpage
                [1] (main.tdo)
\tf@tdo=\write5
\openout5 = `main.tdo'.

 [2

] [3] (main.toc [4])
\tf@toc=\write6
\openout6 = `main.toc'.

pdfTeX warning (ext4): destination with the same identifier (name{page.1}) has 
been already used, duplicate ignored
<to be read again> 
                   \relax 
l.80 \newpage
              [1]

LaTeX Warning: Citation `bacherEnergieRespektSchlusselFur2014' on page 2 undefi
ned on input line 90.


LaTeX Warning: Citation `birolFutureCooling2018' on page 2 undefined on input l
ine 92.


Underfull \hbox (badness 10000) in paragraph at lines 88--93

 []

<Images/cooling_energy.JPG, id=392, 510.40688pt x 181.42781pt>
File: Images/cooling_energy.JPG Graphic file (type jpg)
<use Images/cooling_energy.JPG>
Package pdftex.def Info: Images/cooling_energy.JPG  used on input line 96.
(pdftex.def)             Requested size: 298.75264pt x 106.19989pt.

LaTeX Warning: Citation `birolFutureCooling2018' on page 2 undefined on input l
ine 97.


LaTeX Warning: Citation `hsluClimaBauPlanenAngesichts2017' on page 2 undefined 
on input line 101.


Underfull \hbox (badness 10000) in paragraph at lines 101--102

 []

<Images/climat_CH.JPG, id=394, 574.39594pt x 230.36063pt>
File: Images/climat_CH.JPG Graphic file (type jpg)
<use Images/climat_CH.JPG>
Package pdftex.def Info: Images/climat_CH.JPG  used on input line 105.
(pdftex.def)             Requested size: 298.75264pt x 119.81631pt.

LaTeX Warning: Citation `hsluClimaBauPlanenAngesichts2017' on page 2 undefined 
on input line 106.


LaTeX Warning: Citation `hsluClimaBauPlanenAngesichts2017' on page 2 undefined 
on input line 106.


LaTeX Warning: `!h' float specifier changed to `!ht'.


LaTeX Warning: Citation `unitednationspopulationdivisionWorldUrbanizationProspe
cts' on page 2 undefined on input line 112.


LaTeX Warning: Citation `weberConventionalAdvancedCO22010a' on page 2 undefined
 on input line 131.


Underfull \hbox (badness 10000) in paragraph at lines 131--134

 []

pdfTeX warning (ext4): destination with the same identifier (name{page.2}) has 
been already used, duplicate ignored
<to be read again> 
                   \relax 
l.134 
       [2 <./Images/cooling_energy.JPG>]
<Images/4GDH.jpg, id=402, 484.7846pt x 381.81584pt>
File: Images/4GDH.jpg Graphic file (type jpg)
<use Images/4GDH.jpg>
Package pdftex.def Info: Images/4GDH.jpg  used on input line 147.
(pdftex.def)             Requested size: 426.79135pt x 336.13881pt.


LaTeX Warning: Citation `lund4thGenerationDistrict2014' on page 3 undefined on 
input line 148.


LaTeX Warning: Citation `lund4thGenerationDistrict2014' on page 3 undefined on 
input line 148.


LaTeX Warning: `!h' float specifier changed to `!ht'.


Underfull \hbox (badness 10000) in paragraph at lines 157--159

 []

pdfTeX warning (ext4): destination with the same identifier (name{page.3}) has 
been already used, duplicate ignored
<to be read again> 
                   \relax 
l.159 
       [3 <./Images/climat_CH.JPG>]

LaTeX Warning: Citation `energieschweizFallbeispieleThermischeNetze2018' on pag
e 4 undefined on input line 160.

(Tables/anergynets_summary.tex
Overfull \hbox (59.252pt too wide) in paragraph at lines 5--32
 [][] 
 []


LaTeX Warning: `h' float specifier changed to `ht'.

)
Underfull \hbox (badness 10000) in paragraph at lines 164--166

 []

pdfTeX warning (ext4): destination with the same identifier (name{page.4}) has 
been already used, duplicate ignored
<to be read again> 
                   \relax 
l.166 
       [4 <./Images/4GDH.jpg>]
<Images/refrigerants.JPG, id=416, 573.64313pt x 406.51875pt>
File: Images/refrigerants.JPG Graphic file (type jpg)
<use Images/refrigerants.JPG>
Package pdftex.def Info: Images/refrigerants.JPG  used on input line 171.
(pdftex.def)             Requested size: 320.0935pt x 226.84254pt.


LaTeX Warning: Citation `danfossRefrigerantOptionsNow2017' on page 5 undefined 
on input line 172.


LaTeX Warning: `!h' float specifier changed to `!ht'.


LaTeX Warning: Citation `hydrocarbons21.comSwitzerlandIntroduceHFC' on page 5 u
ndefined on input line 178.


LaTeX Warning: Citation `europeancommissionforclimateactionEULegislationControl
2016' on page 5 undefined on input line 178.


LaTeX Warning: Citation `danfossRefrigerantOptionsNow2017' on page 5 undefined 
on input line 179.


LaTeX Warning: Citation `williamsMigrosDNA2018' on page 5 undefined on input li
ne 179.


LaTeX Warning: Citation `cavalliniPROPERTIESCO2REFRIGERANT' on page 5 undefined
 on input line 180.

LaTeX Font Info:    Font shape `OMS/cmr/m/n' in size <10> not available
(Font)              Font shape `OMS/cmsy/m/n' tried instead on input line 182.
[5]

LaTeX Warning: Citation `weberConventionalAdvancedCO22010a' on page 6 undefined
 on input line 189.


LaTeX Warning: Citation `henchozPotentialRefrigerantBased' on page 6 undefined 
on input line 190.

Package hyperref Info: bookmark level for unknown todo defaults to 0 on input l
ine 191.

LaTeX Warning: Citation `suciuEnergyIntegrationCO22018' on page 6 undefined on 
input line 195.


LaTeX Warning: Citation `henchozPotentialRefrigerantBased' on page 6 undefined 
on input line 196.


Underfull \hbox (badness 10000) in paragraph at lines 194--197

 []

<Images/CO2schema.JPG, id=425, 629.35126pt x 341.02406pt>
File: Images/CO2schema.JPG Graphic file (type jpg)
<use Images/CO2schema.JPG>
Package pdftex.def Info: Images/CO2schema.JPG  used on input line 206.
(pdftex.def)             Requested size: 426.79135pt x 231.26366pt.

LaTeX Warning: Citation `henchozPotentialRefrigerantBased' on page 6 undefined 
on input line 207.


LaTeX Warning: Citation `henchozPotentialRefrigerantBased' on page 6 undefined 
on input line 207.


LaTeX Warning: `!h' float specifier changed to `!ht'.

[6 <./Images/refrigerants.JPG>] [7 <./Images/CO2schema.JPG>]

LaTeX Warning: Citation `henchozPotentialRefrigerantBased' on page 8 undefined 
on input line 271.

<Images/henchoz_gva.JPG, id=436, 561.59813pt x 294.34969pt>
File: Images/henchoz_gva.JPG Graphic file (type jpg)
<use Images/henchoz_gva.JPG>
Package pdftex.def Info: Images/henchoz_gva.JPG  used on input line 275.
(pdftex.def)             Requested size: 426.79135pt x 223.6946pt.

LaTeX Warning: Citation `henchozPotentialRefrigerantBased' on page 8 undefined 
on input line 276.


Underfull \hbox (badness 10000) in paragraph at lines 280--281

 []

(Tables/henchoz_area.tex)
<Images/henchoz_energydemand.JPG, id=439, 445.665pt x 341.77687pt>
File: Images/henchoz_energydemand.JPG Graphic file (type jpg)
<use Images/henchoz_energydemand.JPG>
Package pdftex.def Info: Images/henchoz_energydemand.JPG  used on input line 28
8.
(pdftex.def)             Requested size: 426.79135pt x 327.30415pt.


LaTeX Warning: Citation `henchozPotentialRefrigerantBased' on page 8 undefined 
on input line 289.


LaTeX Warning: `!h' float specifier changed to `!ht'.

[8 <./Images/henchoz_gva.JPG>]
<Images/henchoz_costs.JPG, id=449, 377.15906pt x 259.7203pt>
File: Images/henchoz_costs.JPG Graphic file (type jpg)
<use Images/henchoz_costs.JPG>
Package pdftex.def Info: Images/henchoz_costs.JPG  used on input line 298.
(pdftex.def)             Requested size: 426.79135pt x 293.89664pt.


LaTeX Warning: Citation `henchozPotentialRefrigerantBased' on page 9 undefined 
on input line 299.


LaTeX Warning: Citation `henchozPotentialRefrigerantBased' on page 9 undefined 
on input line 299.


LaTeX Warning: `!h' float specifier changed to `!ht'.


LaTeX Warning: Citation `henchozPotentialRefrigerantBased' on page 9 undefined 
on input line 312.


LaTeX Warning: Citation `suciuEnergyIntegrationCO22018' on page 9 undefined on 
input line 317.

[9 <./Images/henchoz_energydemand.JPG>]

LaTeX Warning: Citation `suciuEnergyIntegrationCO22018' on page 10 undefined on
 input line 319.


LaTeX Warning: Citation `kruseStatusDevelopmentResearch' on page 10 undefined o
n input line 322.


LaTeX Warning: Citation `guoTechnoeconomicComparisonDirect2012' on page 10 unde
fined on input line 322.

<Images/GSHP.png, id=456, 764.8575pt x 770.88pt>
File: Images/GSHP.png Graphic file (type png)
<use Images/GSHP.png>
Package pdftex.def Info: Images/GSHP.png  used on input line 326.
(pdftex.def)             Requested size: 426.79135pt x 430.14896pt.

LaTeX Warning: `!h' float specifier changed to `!ht'.


LaTeX Warning: Citation `eslami-nejadDetailedTheoreticalCharacterization2018' o
n page 10 undefined on input line 332.


LaTeX Warning: Citation `badacheExperimentalStudyCarbon2018' on page 10 undefin
ed on input line 332.


LaTeX Warning: Citation `guoTechnoeconomicComparisonDirect2012' on page 10 unde
fined on input line 333.

[10 <./Images/henchoz_costs.JPG>]

LaTeX Warning: Citation `eslami-nejadModelingTwophaseCO2filled2014a' on page 11
 undefined on input line 341.


LaTeX Warning: Citation `ghazizade-ahsaeeEnergyExergyInvestigation2018' on page
 11 undefined on input line 342.


LaTeX Warning: Citation `austinParametricStudyPerformance2011' on page 11 undef
ined on input line 343.


LaTeX Warning: Citation `eslami-nejadQuasitransientModelTranscritical2015' on p
age 11 undefined on input line 344.


LaTeX Warning: Citation `ghazizade-ahsaeeEnergyExergyInvestigation2018' on page
 11 undefined on input line 347.


LaTeX Warning: Citation `austinParametricStudyPerformance2011' on page 11 undef
ined on input line 347.


Overfull \hbox (9.31952pt too wide) in paragraph at lines 346--348
[]\OT1/cmr/m/n/10 (9) 4/7 for 13 groundT in https://www.sciencedirect.com/scien
ce/article/pii/S019689041630975X
 []

[11 <./Images/GSHP.png>]
<Images/CO2-DX-GSHP.png, id=470, 457.71pt x 747.79375pt>
File: Images/CO2-DX-GSHP.png Graphic file (type png)
<use Images/CO2-DX-GSHP.png>
Package pdftex.def Info: Images/CO2-DX-GSHP.png  used on input line 353.
(pdftex.def)             Requested size: 426.79135pt x 697.30089pt.


LaTeX Warning: Float too large for page by 46.91501pt on input line 356.


LaTeX Warning: `!h' float specifier changed to `!ht'.


Overfull \hbox (161.51547pt too wide) in paragraph at lines 378--380
[]\OT1/cmr/m/n/10 https://blog.sicara.com/getting-started-genetic-algorithms-py
thon-tutorial-81ffa1dd72f9 https://towardsdatascience.com/evolution-
 []

[12]

LaTeX Warning: Citation `ohFlowBoilingHeat2011' on page 13 undefined on input l
ine 427.


LaTeX Warning: Citation `wangOverviewHeatTransfer2013' on page 13 undefined on 
input line 429.


LaTeX Warning: Citation `mastrulloComparisonR744R134a2009' on page 13 undefined
 on input line 429.

(Tables/heatTransfCoeff.tex) (Tables/dTmins.tex
Overfull \hbox (52.22752pt too wide) in paragraph at lines 5--12
 [][] 
 []

)
Underfull \hbox (badness 10000) in paragraph at lines 439--440

 []


LaTeX Warning: Command \textendash invalid in math mode on input line 463.

[13]
Underfull \hbox (badness 10000) in paragraph at lines 464--466

 []

<Images/HP_cylce_CO2_schema.png, id=502, 425.33907pt x 408.02437pt>
File: Images/HP_cylce_CO2_schema.png Graphic file (type png)
<use Images/HP_cylce_CO2_schema.png>
Package pdftex.def Info: Images/HP_cylce_CO2_schema.png  used on input line 495
.
(pdftex.def)             Requested size: 426.79135pt x 409.43666pt.

LaTeX Warning: Citation `kimPerformanceTranscriticalCO22005' on page 14 undefin
ed on input line 496.


LaTeX Warning: Citation `kimPerformanceTranscriticalCO22005' on page 14 undefin
ed on input line 496.

[14]

LaTeX Warning: `!h' float specifier changed to `!ht'.


LaTeX Warning: Citation `cavalliniPROPERTIESCO2REFRIGERANT' on page 15 undefine
d on input line 500.

<Images/morges.png, id=514, 739.563pt x 544.434pt>
File: Images/morges.png Graphic file (type png)
<use Images/morges.png>
Package pdftex.def Info: Images/morges.png  used on input line 510.
(pdftex.def)             Requested size: 426.79135pt x 314.19353pt.

LaTeX Warning: `!h' float specifier changed to `!ht'.


Underfull \hbox (badness 10000) in paragraph at lines 515--516

 []

(Tables/ppa_summary.tex
Overfull \hbox (78.15921pt too wide) in paragraph at lines 5--29
 [][] 
 []


LaTeX Warning: `!h' float specifier changed to `!ht'.

) (Tables/ppa_buildinguse.tex

LaTeX Warning: `!h' float specifier changed to `!ht'.

)
<Images/ppa_buildings.JPG, id=520, 302.63063pt x 356.0803pt>
File: Images/ppa_buildings.JPG Graphic file (type jpg)
<use Images/ppa_buildings.JPG>
Package pdftex.def Info: Images/ppa_buildings.JPG  used on input line 535.
(pdftex.def)             Requested size: 192.0548pt x 225.97807pt.


LaTeX Warning: `!h' float specifier changed to `!ht'.

<Images/ppa_energydemand.JPG, id=523, 389.20406pt x 188.20313pt>
File: Images/ppa_energydemand.JPG Graphic file (type jpg)
<use Images/ppa_energydemand.JPG>
Package pdftex.def Info: Images/ppa_energydemand.JPG  used on input line 544.
(pdftex.def)             Requested size: 426.79135pt x 206.38654pt.

LaTeX Warning: `!h' float specifier changed to `!ht'.


LaTeX Warning: Marginpar on page 15 moved.


LaTeX Warning: Marginpar on page 15 moved.

(Tables/ppa_prestudy.tex) [15]

LaTeX Warning: `!h' float specifier changed to `!ht'.

[16] [17]

LaTeX Warning: Citation `girardinEnerGisGeographicalInformation2010' on page 18
 undefined on input line 585.


LaTeX Warning: Citation `henchozPotentialRefrigerantBased' on page 18 undefined
 on input line 586.

[18] (Tables/cp_source.tex)

LaTeX Warning: Citation `girardinEnerGisGeographicalInformation2010' on page 19
 undefined on input line 639.


LaTeX Warning: Citation `henchozPotentialRefrigerantBased' on page 19 undefined
 on input line 655.

[19]

LaTeX Warning: Marginpar on page 20 moved.


LaTeX Warning: Citation `veillehydro-meteorologiqueducantondevaudMorgesRiviereD
ebit' on page 20 undefined on input line 661.

<Images/river.JPG, id=568, 353.82187pt x 204.765pt>
File: Images/river.JPG Graphic file (type jpg)
<use Images/river.JPG>
Package pdftex.def Info: Images/river.JPG  used on input line 665.
(pdftex.def)             Requested size: 426.79135pt x 246.99777pt.

LaTeX Warning: `!h' float specifier changed to `!ht'.


Overfull \hbox (72.84853pt too wide) in paragraph at lines 680--687
[]\OT1/cmr/m/n/10 100 CHF/m http://bawos.ch/erdsondenbohrungen-kosten-und-planu
ng-zur-gewinnung-von-umgebungswaerme/
 []


Overfull \hbox (5.54268pt too wide) in paragraph at lines 680--687
\OT1/cmr/m/n/10 https://www.energieheld.ch/heizung/waermepumpe/sole-wasser-erdw
aerme Av-er-age 30 W/m Heat-
 []


LaTeX Warning: Citation `jiaReviewEffectiveThermal2019' on page 20 undefined on
 input line 688.

<Images/GTW_temp.jpg, id=570, 235.99672pt x 190.58813pt>
File: Images/GTW_temp.jpg Graphic file (type jpg)
<use Images/GTW_temp.jpg>
Package pdftex.def Info: Images/GTW_temp.jpg  used on input line 695.
(pdftex.def)             Requested size: 426.79135pt x 344.71016pt.

LaTeX Warning: Citation `hanSensitivityAnalysisVertical2016' on page 20 undefin
ed on input line 696.


LaTeX Warning: Citation `hanSensitivityAnalysisVertical2016' on page 20 undefin
ed on input line 696.


LaTeX Warning: `!h' float specifier changed to `!ht'.

<Images/IR_schema.JPG, id=571, 520.94624pt x 255.20343pt>
File: Images/IR_schema.JPG Graphic file (type jpg)
<use Images/IR_schema.JPG>
Package pdftex.def Info: Images/IR_schema.JPG  used on input line 712.
(pdftex.def)             Requested size: 426.79135pt x 209.08124pt.

LaTeX Warning: Citation `gronqvistComparativeLifecycleCost' on page 20 undefine
d on input line 713.


LaTeX Warning: `!h' float specifier changed to `!ht'.


Underfull \hbox (badness 10000) in paragraph at lines 717--718

 []


Underfull \hbox (badness 10000) in paragraph at lines 719--720

 []

[20]
<Images/IceRink_refrigeration.png, id=582, 990.70125pt x 594.22pt>
File: Images/IceRink_refrigeration.png Graphic file (type png)
<use Images/IceRink_refrigeration.png>
Package pdftex.def Info: Images/IceRink_refrigeration.png  used on input line 7
28.
(pdftex.def)             Requested size: 426.79135pt x 255.99017pt.


LaTeX Warning: `!h' float specifier changed to `!ht'.


LaTeX Warning: Citation `karampourMEASUREMENTMODELLINGICE' on page 21 undefined
 on input line 737.

<Images/IR_energyDemand.JPG, id=584, 349.305pt x 151.3153pt>
File: Images/IR_energyDemand.JPG Graphic file (type jpg)
<use Images/IR_energyDemand.JPG>
Package pdftex.def Info: Images/IR_energyDemand.JPG  used on input line 741.
(pdftex.def)             Requested size: 298.75264pt x 129.42441pt.

LaTeX Warning: Citation `karampourMEASUREMENTMODELLINGICE' on page 21 undefined
 on input line 742.


LaTeX Warning: `!h' float specifier changed to `!ht'.


LaTeX Warning: Citation `karampourMEASUREMENTMODELLINGICE' on page 21 undefined
 on input line 746.


LaTeX Warning: Citation `karampourMEASUREMENTMODELLINGICE' on page 21 undefined
 on input line 769.


LaTeX Warning: Citation `kolasniewskiEvaluationModellingIce' on page 21 undefin
ed on input line 770.

[21] (Tables/anergynets_IC.tex
Overfull \hbox (25.80435pt too wide) in paragraph at lines 5--14
 [][] 
 []

) [22]
Underfull \hbox (badness 10000) in paragraph at lines 826--830

 []

[23] [24 <./Images/CO2-DX-GSHP.png>] [25 <./Images/HP_cylce_CO2_schema.png>]
[26 <./Images/morges.png> <./Images/ppa_buildings.JPG>] [27 <./Images/ppa_energ
ydemand.JPG> <./Images/river.JPG>] [28 <./Images/GTW_temp.jpg> <./Images/IR_sch
ema.JPG>] [29 <./Images/IceRink_refrigeration.png> <./Images/IR_energyDemand.JP
G>] (main.bbl

LaTeX Warning: Empty `thebibliography' environment on input line 3.

) [30

] (appendix.tex (Tables/anergynets1.tex [31

]
Overfull \hbox (73.26906pt too wide) in paragraph at lines 6--35
 [][] 
 []


LaTeX Warning: Float too large for page by 62.01277pt on input line 35.


LaTeX Warning: `h' float specifier changed to `ht'.

[32]) (Tables/anergynets2.tex
Overfull \hbox (35.38727pt too wide) in paragraph at lines 6--27
 [][] 
 []

[33



]))
Package atveryend Info: Empty hook `BeforeClearDocument' on input line 845.
Package atveryend Info: Empty hook `AfterLastShipout' on input line 845.
 (main.aux)
Package atveryend Info: Executing hook `AtVeryEndDocument' on input line 845.
Package atveryend Info: Executing hook `AtEndAfterFileList' on input line 845.
Package rerunfilecheck Info: File `main.out' has not changed.
(rerunfilecheck)             Checksum: 9F11F61FEC65B04D809F28C35B3D1265;3760.


LaTeX Warning: There were undefined references.

Package atveryend Info: Empty hook `AtVeryVeryEnd' on input line 845.
 ) 
Here is how much of TeX's memory you used:
 29356 strings out of 492946
 585319 string characters out of 3127155
 644609 words of memory out of 3000000
 32638 multiletter control sequences out of 15000+200000
 543419 words of font info for 64 fonts, out of 3000000 for 9000
 1141 hyphenation exceptions out of 8191
 62i,22n,80p,1441b,1038s stack positions out of 5000i,500n,10000p,200000b,50000s
<C:/Users/Tob/AppData/Local/Programs/MiKTeX 2.9/fonts/type1/public/amsfonts/c
m/cmbx10.pfb><C:/Users/Tob/AppData/Local/Programs/MiKTeX 2.9/fonts/type1/public
/amsfonts/cm/cmbx12.pfb><C:/Users/Tob/AppData/Local/Programs/MiKTeX 2.9/fonts/t
ype1/public/amsfonts/cm/cmbx9.pfb><C:/Users/Tob/AppData/Local/Programs/MiKTeX 2
.9/fonts/type1/public/amsfonts/cm/cmex10.pfb><C:/Users/Tob/AppData/Local/Progra
ms/MiKTeX 2.9/fonts/type1/public/amsfonts/cm/cmmi10.pfb><C:/Users/Tob/AppData/L
ocal/Programs/MiKTeX 2.9/fonts/type1/public/amsfonts/cm/cmmi5.pfb><C:/Users/Tob
/AppData/Local/Programs/MiKTeX 2.9/fonts/type1/public/amsfonts/cm/cmmi7.pfb><C:
/Users/Tob/AppData/Local/Programs/MiKTeX 2.9/fonts/type1/public/amsfonts/cm/cmr
10.pfb><C:/Users/Tob/AppData/Local/Programs/MiKTeX 2.9/fonts/type1/public/amsfo
nts/cm/cmr12.pfb><C:/Users/Tob/AppData/Local/Programs/MiKTeX 2.9/fonts/type1/pu
blic/amsfonts/cm/cmr17.pfb><C:/Users/Tob/AppData/Local/Programs/MiKTeX 2.9/font
s/type1/public/amsfonts/cm/cmr5.pfb><C:/Users/Tob/AppData/Local/Programs/MiKTeX
 2.9/fonts/type1/public/amsfonts/cm/cmr7.pfb><C:/Users/Tob/AppData/Local/Progra
ms/MiKTeX 2.9/fonts/type1/public/amsfonts/cm/cmr8.pfb><C:/Users/Tob/AppData/Loc
al/Programs/MiKTeX 2.9/fonts/type1/public/amsfonts/cm/cmr9.pfb><C:/Users/Tob/Ap
pData/Local/Programs/MiKTeX 2.9/fonts/type1/public/amsfonts/cm/cmsy10.pfb><C:/U
sers/Tob/AppData/Local/Programs/MiKTeX 2.9/fonts/type1/public/amsfonts/cm/cmsy6
.pfb><C:/Users/Tob/AppData/Local/Programs/MiKTeX 2.9/fonts/type1/public/amsfont
s/cm/cmsy7.pfb><C:/Users/Tob/AppData/Local/Programs/MiKTeX 2.9/fonts/type1/publ
ic/amsfonts/cm/cmsy8.pfb><C:/Users/Tob/AppData/Local/Programs/MiKTeX 2.9/fonts/
type1/public/amsfonts/cm/cmti10.pfb><C:/Users/Tob/AppData/Local/Programs/MiKTeX
 2.9/fonts/type1/public/amsfonts/cm/cmti12.pfb>
Output written on main.pdf (38 pages, 3105308 bytes).
PDF statistics:
 752 PDF objects out of 1000 (max. 8388607)
 169 named destinations out of 1000 (max. 500000)
 654 words of extra memory for PDF output out of 10000 (max. 10000000)

